running egg_info
creating ../../build/arm_sim/arm_sim.egg-info
writing ../../build/arm_sim/arm_sim.egg-info/PKG-INFO
writing dependency_links to ../../build/arm_sim/arm_sim.egg-info/dependency_links.txt
writing entry points to ../../build/arm_sim/arm_sim.egg-info/entry_points.txt
writing requirements to ../../build/arm_sim/arm_sim.egg-info/requires.txt
writing top-level names to ../../build/arm_sim/arm_sim.egg-info/top_level.txt
writing manifest file '../../build/arm_sim/arm_sim.egg-info/SOURCES.txt'
reading manifest file '../../build/arm_sim/arm_sim.egg-info/SOURCES.txt'
writing manifest file '../../build/arm_sim/arm_sim.egg-info/SOURCES.txt'
running build
running build_py
creating /home/markc/Robotic_Arm_Printer/robotsim/build/arm_sim/build
creating /home/markc/Robotic_Arm_Printer/robotsim/build/arm_sim/build/lib
creating /home/markc/Robotic_Arm_Printer/robotsim/build/arm_sim/build/lib/arm_sim
copying arm_sim/arm.py -> /home/markc/Robotic_Arm_Printer/robotsim/build/arm_sim/build/lib/arm_sim
copying arm_sim/__init__.py -> /home/markc/Robotic_Arm_Printer/robotsim/build/arm_sim/build/lib/arm_sim
running install
running install_lib
creating /home/markc/Robotic_Arm_Printer/robotsim/install/arm_sim/lib/python3.10/site-packages/arm_sim
copying /home/markc/Robotic_Arm_Printer/robotsim/build/arm_sim/build/lib/arm_sim/arm.py -> /home/markc/Robotic_Arm_Printer/robotsim/install/arm_sim/lib/python3.10/site-packages/arm_sim
copying /home/markc/Robotic_Arm_Printer/robotsim/build/arm_sim/build/lib/arm_sim/__init__.py -> /home/markc/Robotic_Arm_Printer/robotsim/install/arm_sim/lib/python3.10/site-packages/arm_sim
byte-compiling /home/markc/Robotic_Arm_Printer/robotsim/install/arm_sim/lib/python3.10/site-packages/arm_sim/arm.py to arm.cpython-310.pyc
byte-compiling /home/markc/Robotic_Arm_Printer/robotsim/install/arm_sim/lib/python3.10/site-packages/arm_sim/__init__.py to __init__.cpython-310.pyc
running install_data
creating /home/markc/Robotic_Arm_Printer/robotsim/install/arm_sim/share/ament_index
creating /home/markc/Robotic_Arm_Printer/robotsim/install/arm_sim/share/ament_index/resource_index
creating /home/markc/Robotic_Arm_Printer/robotsim/install/arm_sim/share/ament_index/resource_index/packages
copying resource/arm_sim -> /home/markc/Robotic_Arm_Printer/robotsim/install/arm_sim/share/ament_index/resource_index/packages
copying package.xml -> /home/markc/Robotic_Arm_Printer/robotsim/install/arm_sim/share/arm_sim
running install_egg_info
Copying ../../build/arm_sim/arm_sim.egg-info to /home/markc/Robotic_Arm_Printer/robotsim/install/arm_sim/lib/python3.10/site-packages/arm_sim-0.0.0-py3.10.egg-info
running install_scripts
Installing arm script to /home/markc/Robotic_Arm_Printer/robotsim/install/arm_sim/lib/arm_sim
writing list of installed files to '/home/markc/Robotic_Arm_Printer/robotsim/build/arm_sim/install.log'
