[0.891s] Invoking command in '/home/markc/Robotic_Arm_Printer/robotsim/src/arm_sim': PYTHONPATH=/home/markc/Robotic_Arm_Printer/robotsim/build/arm_sim/prefix_override:/home/markc/Robotic_Arm_Printer/robotsim/install/arm_sim/lib/python3.10/site-packages:${PYTHONPATH} /usr/bin/python3 setup.py egg_info --egg-base ../../build/arm_sim build --build-base /home/markc/Robotic_Arm_Printer/robotsim/build/arm_sim/build install --record /home/markc/Robotic_Arm_Printer/robotsim/build/arm_sim/install.log --single-version-externally-managed
[1.127s] running egg_info
[1.127s] creating ../../build/arm_sim/arm_sim.egg-info
[1.143s] writing ../../build/arm_sim/arm_sim.egg-info/PKG-INFO
[1.143s] writing dependency_links to ../../build/arm_sim/arm_sim.egg-info/dependency_links.txt
[1.143s] writing entry points to ../../build/arm_sim/arm_sim.egg-info/entry_points.txt
[1.143s] writing requirements to ../../build/arm_sim/arm_sim.egg-info/requires.txt
[1.143s] writing top-level names to ../../build/arm_sim/arm_sim.egg-info/top_level.txt
[1.143s] writing manifest file '../../build/arm_sim/arm_sim.egg-info/SOURCES.txt'
[1.175s] reading manifest file '../../build/arm_sim/arm_sim.egg-info/SOURCES.txt'
[1.176s] writing manifest file '../../build/arm_sim/arm_sim.egg-info/SOURCES.txt'
[1.176s] running build
[1.176s] running build_py
[1.176s] creating /home/markc/Robotic_Arm_Printer/robotsim/build/arm_sim/build
[1.176s] creating /home/markc/Robotic_Arm_Printer/robotsim/build/arm_sim/build/lib
[1.176s] creating /home/markc/Robotic_Arm_Printer/robotsim/build/arm_sim/build/lib/arm_sim
[1.176s] copying arm_sim/arm.py -> /home/markc/Robotic_Arm_Printer/robotsim/build/arm_sim/build/lib/arm_sim
[1.176s] copying arm_sim/__init__.py -> /home/markc/Robotic_Arm_Printer/robotsim/build/arm_sim/build/lib/arm_sim
[1.176s] running install
[1.177s] /home/markc/.local/lib/python3.10/site-packages/setuptools/command/install.py:34: SetuptoolsDeprecationWarning: setup.py install is deprecated. Use build and pip and other standards-based tools.
[1.177s]   warnings.warn(
[1.182s] running install_lib
[1.198s] creating /home/markc/Robotic_Arm_Printer/robotsim/install/arm_sim/lib/python3.10/site-packages/arm_sim
[1.198s] copying /home/markc/Robotic_Arm_Printer/robotsim/build/arm_sim/build/lib/arm_sim/arm.py -> /home/markc/Robotic_Arm_Printer/robotsim/install/arm_sim/lib/python3.10/site-packages/arm_sim
[1.198s] copying /home/markc/Robotic_Arm_Printer/robotsim/build/arm_sim/build/lib/arm_sim/__init__.py -> /home/markc/Robotic_Arm_Printer/robotsim/install/arm_sim/lib/python3.10/site-packages/arm_sim
[1.199s] byte-compiling /home/markc/Robotic_Arm_Printer/robotsim/install/arm_sim/lib/python3.10/site-packages/arm_sim/arm.py to arm.cpython-310.pyc
[1.199s] byte-compiling /home/markc/Robotic_Arm_Printer/robotsim/install/arm_sim/lib/python3.10/site-packages/arm_sim/__init__.py to __init__.cpython-310.pyc
[1.199s] running install_data
[1.215s] creating /home/markc/Robotic_Arm_Printer/robotsim/install/arm_sim/share/ament_index
[1.215s] creating /home/markc/Robotic_Arm_Printer/robotsim/install/arm_sim/share/ament_index/resource_index
[1.215s] creating /home/markc/Robotic_Arm_Printer/robotsim/install/arm_sim/share/ament_index/resource_index/packages
[1.215s] copying resource/arm_sim -> /home/markc/Robotic_Arm_Printer/robotsim/install/arm_sim/share/ament_index/resource_index/packages
[1.215s] copying package.xml -> /home/markc/Robotic_Arm_Printer/robotsim/install/arm_sim/share/arm_sim
[1.215s] running install_egg_info
[1.232s] Copying ../../build/arm_sim/arm_sim.egg-info to /home/markc/Robotic_Arm_Printer/robotsim/install/arm_sim/lib/python3.10/site-packages/arm_sim-0.0.0-py3.10.egg-info
[1.233s] running install_scripts
[1.423s] Installing arm script to /home/markc/Robotic_Arm_Printer/robotsim/install/arm_sim/lib/arm_sim
[1.424s] writing list of installed files to '/home/markc/Robotic_Arm_Printer/robotsim/build/arm_sim/install.log'
[1.445s] Invoked command in '/home/markc/Robotic_Arm_Printer/robotsim/src/arm_sim' returned '0': PYTHONPATH=/home/markc/Robotic_Arm_Printer/robotsim/build/arm_sim/prefix_override:/home/markc/Robotic_Arm_Printer/robotsim/install/arm_sim/lib/python3.10/site-packages:${PYTHONPATH} /usr/bin/python3 setup.py egg_info --egg-base ../../build/arm_sim build --build-base /home/markc/Robotic_Arm_Printer/robotsim/build/arm_sim/build install --record /home/markc/Robotic_Arm_Printer/robotsim/build/arm_sim/install.log --single-version-externally-managed
