running egg_info
writing ../../build/arm_sim/arm_sim.egg-info/PKG-INFO
writing dependency_links to ../../build/arm_sim/arm_sim.egg-info/dependency_links.txt
writing entry points to ../../build/arm_sim/arm_sim.egg-info/entry_points.txt
writing requirements to ../../build/arm_sim/arm_sim.egg-info/requires.txt
writing top-level names to ../../build/arm_sim/arm_sim.egg-info/top_level.txt
reading manifest file '../../build/arm_sim/arm_sim.egg-info/SOURCES.txt'
writing manifest file '../../build/arm_sim/arm_sim.egg-info/SOURCES.txt'
running build
running build_py
running install
running install_lib
running install_data
copying package.xml -> /home/markc/Robotic_Arm_Printer/robotsim/install/arm_sim/share/arm_sim
running install_egg_info
removing '/home/markc/Robotic_Arm_Printer/robotsim/install/arm_sim/lib/python3.10/site-packages/arm_sim-0.0.0-py3.10.egg-info' (and everything under it)
Copying ../../build/arm_sim/arm_sim.egg-info to /home/markc/Robotic_Arm_Printer/robotsim/install/arm_sim/lib/python3.10/site-packages/arm_sim-0.0.0-py3.10.egg-info
running install_scripts
Installing arm script to /home/markc/Robotic_Arm_Printer/robotsim/install/arm_sim/lib/arm_sim
writing list of installed files to '/home/markc/Robotic_Arm_Printer/robotsim/build/arm_sim/install.log'
