[0.834s] Invoking command in '/home/markc/Robotic_Arm_Printer/robotsim/src/arm_sim': PYTHONPATH=/home/markc/Robotic_Arm_Printer/robotsim/build/arm_sim/prefix_override:/home/markc/Robotic_Arm_Printer/robotsim/install/arm_sim/lib/python3.10/site-packages:${PYTHONPATH} /usr/bin/python3 setup.py egg_info --egg-base ../../build/arm_sim build --build-base /home/markc/Robotic_Arm_Printer/robotsim/build/arm_sim/build install --record /home/markc/Robotic_Arm_Printer/robotsim/build/arm_sim/install.log --single-version-externally-managed
[1.064s] running egg_info
[1.079s] writing ../../build/arm_sim/arm_sim.egg-info/PKG-INFO
[1.079s] writing dependency_links to ../../build/arm_sim/arm_sim.egg-info/dependency_links.txt
[1.079s] writing entry points to ../../build/arm_sim/arm_sim.egg-info/entry_points.txt
[1.079s] writing requirements to ../../build/arm_sim/arm_sim.egg-info/requires.txt
[1.079s] writing top-level names to ../../build/arm_sim/arm_sim.egg-info/top_level.txt
[1.110s] reading manifest file '../../build/arm_sim/arm_sim.egg-info/SOURCES.txt'
[1.110s] writing manifest file '../../build/arm_sim/arm_sim.egg-info/SOURCES.txt'
[1.111s] running build
[1.111s] running build_py
[1.111s] running install
[1.111s] /home/markc/.local/lib/python3.10/site-packages/setuptools/command/install.py:34: SetuptoolsDeprecationWarning: setup.py install is deprecated. Use build and pip and other standards-based tools.
[1.111s]   warnings.warn(
[1.116s] running install_lib
[1.132s] running install_data
[1.148s] copying package.xml -> /home/markc/Robotic_Arm_Printer/robotsim/install/arm_sim/share/arm_sim
[1.148s] running install_egg_info
[1.165s] removing '/home/markc/Robotic_Arm_Printer/robotsim/install/arm_sim/lib/python3.10/site-packages/arm_sim-0.0.0-py3.10.egg-info' (and everything under it)
[1.165s] Copying ../../build/arm_sim/arm_sim.egg-info to /home/markc/Robotic_Arm_Printer/robotsim/install/arm_sim/lib/python3.10/site-packages/arm_sim-0.0.0-py3.10.egg-info
[1.165s] running install_scripts
[1.362s] Installing arm script to /home/markc/Robotic_Arm_Printer/robotsim/install/arm_sim/lib/arm_sim
[1.362s] writing list of installed files to '/home/markc/Robotic_Arm_Printer/robotsim/build/arm_sim/install.log'
[1.382s] Invoked command in '/home/markc/Robotic_Arm_Printer/robotsim/src/arm_sim' returned '0': PYTHONPATH=/home/markc/Robotic_Arm_Printer/robotsim/build/arm_sim/prefix_override:/home/markc/Robotic_Arm_Printer/robotsim/install/arm_sim/lib/python3.10/site-packages:${PYTHONPATH} /usr/bin/python3 setup.py egg_info --egg-base ../../build/arm_sim build --build-base /home/markc/Robotic_Arm_Printer/robotsim/build/arm_sim/build install --record /home/markc/Robotic_Arm_Printer/robotsim/build/arm_sim/install.log --single-version-externally-managed
